# JRE version: OpenJDK Runtime Environment (8.0_152-b02) (build 1.8.0_152-release-1024-b02)
# Java VM: OpenJDK 64-Bit Server VM (25.152-b02 mixed mode windows-amd64 compressed oops)
Heap:
 PSYoungGen      total 278016K, used 138350K [0x00000000e0000000, 0x00000000f7d80000, 0x0000000100000000)
  eden space 264704K, 47% used [0x00000000e0000000,0x00000000e7a8bff8,0x00000000f0280000)
  from space 13312K, 96% used [0x00000000f7080000,0x00000000f7d0fb08,0x00000000f7d80000)
  to   space 19968K, 0% used [0x00000000f5680000,0x00000000f5680000,0x00000000f6a00000)
 ParOldGen       total 139264K, used 55346K [0x00000000a0000000, 0x00000000a8800000, 0x00000000e0000000)
  object space 139264K, 39% used [0x00000000a0000000,0x00000000a360ca60,0x00000000a8800000)
 Metaspace       used 84511K, capacity 90126K, committed 90240K, reserved 1128448K
  class space    used 10607K, capacity 11562K, committed 11648K, reserved 1048576K
GC Heap History (10 events):
Event: 4145.980 GC heap before
{Heap before GC invocations=35 (full 3):
 PSYoungGen      total 326656K, used 326445K [0x00000000e0000000, 0x00000000fa480000, 0x0000000100000000)
  eden space 318464K, 100% used [0x00000000e0000000,0x00000000f3700000,0x00000000f3700000)
  from space 8192K, 97% used [0x00000000f7d00000,0x00000000f84cb400,0x00000000f8500000)
  to   space 19968K, 0% used [0x00000000f9100000,0x00000000f9100000,0x00000000fa480000)
 ParOldGen       total 139264K, used 55306K [0x00000000a0000000, 0x00000000a8800000, 0x00000000e0000000)
  object space 139264K, 39% used [0x00000000a0000000,0x00000000a3602a60,0x00000000a8800000)
 Metaspace       used 83095K, capacity 87620K, committed 87808K, reserved 1126400K
  class space    used 10422K, capacity 11233K, committed 11264K, reserved 1048576K
Event: 4146.005 GC heap after
Heap after GC invocations=35 (full 3):
 PSYoungGen      total 314368K, used 7168K [0x00000000e0000000, 0x00000000f9880000, 0x0000000100000000)
  eden space 306688K, 0% used [0x00000000e0000000,0x00000000e0000000,0x00000000f2b80000)
  from space 7680K, 93% used [0x00000000f9100000,0x00000000f9800158,0x00000000f9880000)
  to   space 18944K, 0% used [0x00000000f7380000,0x00000000f7380000,0x00000000f8600000)
 ParOldGen       total 139264K, used 55314K [0x00000000a0000000, 0x00000000a8800000, 0x00000000e0000000)
  object space 139264K, 39% used [0x00000000a0000000,0x00000000a3604a60,0x00000000a8800000)
 Metaspace       used 83095K, capacity 87620K, committed 87808K, reserved 1126400K
  class space    used 10422K, capacity 11233K, committed 11264K, reserved 1048576K
}
Event: 4312.942 GC heap before
{Heap before GC invocations=36 (full 3):
 PSYoungGen      total 314368K, used 313666K [0x00000000e0000000, 0x00000000f9880000, 0x0000000100000000)
  eden space 306688K, 99% used [0x00000000e0000000,0x00000000f2b508f8,0x00000000f2b80000)
  from space 7680K, 93% used [0x00000000f9100000,0x00000000f9800158,0x00000000f9880000)
  to   space 18944K, 0% used [0x00000000f7380000,0x00000000f7380000,0x00000000f8600000)
 ParOldGen       total 139264K, used 55314K [0x00000000a0000000, 0x00000000a8800000, 0x00000000e0000000)
  object space 139264K, 39% used [0x00000000a0000000,0x00000000a3604a60,0x00000000a8800000)
 Metaspace       used 84003K, capacity 89538K, committed 89728K, reserved 1128448K
  class space    used 10584K, capacity 11530K, committed 11648K, reserved 1048576K
Event: 4312.980 GC heap after
Heap after GC invocations=36 (full 3):
 PSYoungGen      total 311296K, used 15791K [0x00000000e0000000, 0x00000000f9180000, 0x0000000100000000)
  eden space 295424K, 0% used [0x00000000e0000000,0x00000000e0000000,0x00000000f2080000)
  from space 15872K, 99% used [0x00000000f7380000,0x00000000f82ebcd0,0x00000000f8300000)
  to   space 14848K, 0% used [0x00000000f8300000,0x00000000f8300000,0x00000000f9180000)
 ParOldGen       total 139264K, used 55322K [0x00000000a0000000, 0x00000000a8800000, 0x00000000e0000000)
  object space 139264K, 39% used [0x00000000a0000000,0x00000000a3606a60,0x00000000a8800000)
 Metaspace       used 84003K, capacity 89538K, committed 89728K, reserved 1128448K
  class space    used 10584K, capacity 11530K, committed 11648K, reserved 1048576K
}
Event: 5071.052 GC heap before
{Heap before GC invocations=37 (full 3):
 PSYoungGen      total 311296K, used 311215K [0x00000000e0000000, 0x00000000f9180000, 0x0000000100000000)
  eden space 295424K, 100% used [0x00000000e0000000,0x00000000f2080000,0x00000000f2080000)
  from space 15872K, 99% used [0x00000000f7380000,0x00000000f82ebcd0,0x00000000f8300000)
  to   space 14848K, 0% used [0x00000000f8300000,0x00000000f8300000,0x00000000f9180000)
 ParOldGen       total 139264K, used 55322K [0x00000000a0000000, 0x00000000a8800000, 0x00000000e0000000)
  object space 139264K, 39% used [0x00000000a0000000,0x00000000a3606a60,0x00000000a8800000)
 Metaspace       used 84180K, capacity 89806K, committed 89984K, reserved 1128448K
  class space    used 10594K, capacity 11542K, committed 11648K, reserved 1048576K
Event: 5071.073 GC heap after
Heap after GC invocations=37 (full 3):
 PSYoungGen      total 291840K, used 6789K [0x00000000e0000000, 0x00000000f8a00000, 0x0000000100000000)
  eden space 284672K, 0% used [0x00000000e0000000,0x00000000e0000000,0x00000000f1600000)
  from space 7168K, 94% used [0x00000000f8300000,0x00000000f89a14c0,0x00000000f8a00000)
  to   space 19968K, 0% used [0x00000000f6300000,0x00000000f6300000,0x00000000f7680000)
 ParOldGen       total 139264K, used 55330K [0x00000000a0000000, 0x00000000a8800000, 0x00000000e0000000)
  object space 139264K, 39% used [0x00000000a0000000,0x00000000a3608a60,0x00000000a8800000)
 Metaspace       used 84180K, capacity 89806K, committed 89984K, reserved 1128448K
  class space    used 10594K, capacity 11542K, committed 11648K, reserved 1048576K
}
Event: 5083.894 GC heap before
{Heap before GC invocations=38 (full 3):
 PSYoungGen      total 291840K, used 290562K [0x00000000e0000000, 0x00000000f8a00000, 0x0000000100000000)
  eden space 284672K, 99% used [0x00000000e0000000,0x00000000f151f3b8,0x00000000f1600000)
  from space 7168K, 94% used [0x00000000f8300000,0x00000000f89a14c0,0x00000000f8a00000)
  to   space 19968K, 0% used [0x00000000f6300000,0x00000000f6300000,0x00000000f7680000)
 ParOldGen       total 139264K, used 55330K [0x00000000a0000000, 0x00000000a8800000, 0x00000000e0000000)
  object space 139264K, 39% used [0x00000000a0000000,0x00000000a3608a60,0x00000000a8800000)
 Metaspace       used 84356K, capacity 89992K, committed 90240K, reserved 1128448K
  class space    used 10599K, capacity 11551K, committed 11648K, reserved 1048576K
Event: 5083.950 GC heap after
Heap after GC invocations=38 (full 3):
 PSYoungGen      total 285184K, used 10527K [0x00000000e0000000, 0x00000000f8380000, 0x0000000100000000)
  eden space 274432K, 0% used [0x00000000e0000000,0x00000000e0000000,0x00000000f0c00000)
  from space 10752K, 97% used [0x00000000f6300000,0x00000000f6d47db0,0x00000000f6d80000)
  to   space 19456K, 0% used [0x00000000f7080000,0x00000000f7080000,0x00000000f8380000)
 ParOldGen       total 139264K, used 55338K [0x00000000a0000000, 0x00000000a8800000, 0x00000000e0000000)
  object space 139264K, 39% used [0x00000000a0000000,0x00000000a360aa60,0x00000000a8800000)
 Metaspace       used 84356K, capacity 89992K, committed 90240K, reserved 1128448K
  class space    used 10599K, capacity 11551K, committed 11648K, reserved 1048576K
}
Event: 5321.047 GC heap before
{Heap before GC invocations=39 (full 3):
 PSYoungGen      total 285184K, used 284748K [0x00000000e0000000, 0x00000000f8380000, 0x0000000100000000)
  eden space 274432K, 99% used [0x00000000e0000000,0x00000000f0bcb5f8,0x00000000f0c00000)
  from space 10752K, 97% used [0x00000000f6300000,0x00000000f6d47db0,0x00000000f6d80000)
  to   space 19456K, 0% used [0x00000000f7080000,0x00000000f7080000,0x00000000f8380000)
 ParOldGen       total 139264K, used 55338K [0x00000000a0000000, 0x00000000a8800000, 0x00000000e0000000)
  object space 139264K, 39% used [0x00000000a0000000,0x00000000a360aa60,0x00000000a8800000)
 Metaspace       used 84477K, capacity 90126K, committed 90240K, reserved 1128448K
  class space    used 10606K, capacity 11562K, committed 11648K, reserved 1048576K
Event: 5321.064 GC heap after
Heap after GC invocations=39 (full 3):
 PSYoungGen      total 278016K, used 12862K [0x00000000e0000000, 0x00000000f7d80000, 0x0000000100000000)
  eden space 264704K, 0% used [0x00000000e0000000,0x00000000e0000000,0x00000000f0280000)
  from space 13312K, 96% used [0x00000000f7080000,0x00000000f7d0fb08,0x00000000f7d80000)
  to   space 19968K, 0% used [0x00000000f5680000,0x00000000f5680000,0x00000000f6a00000)
 ParOldGen       total 139264K, used 55346K [0x00000000a0000000, 0x00000000a8800000, 0x00000000e0000000)
  object space 139264K, 39% used [0x00000000a0000000,0x00000000a360ca60,0x00000000a8800000)
 Metaspace       used 84477K, capacity 90126K, committed 90240K, reserved 1128448K
  class space    used 10606K, capacity 11562K, committed 11648K, reserved 1048576K
}

